<?xml version="1.0" encoding="UTF-8"?>
<!-- Generated by org.testng.reporters.JUnitReportReporter -->
<testsuite hostname="Ansalnas-MacBook-Air.local" failures="0" tests="1" name="testClasses.AddUserTestClass" time="24.990" errors="0" timestamp="2025-07-31T11:55:24 EDT" skipped="0">
  <testcase classname="testClasses.AddUserTestClass" name="verifyUserIsAbletoAddNewUserDetailsAndSearchForuser" time="24.990"/>
</testsuite> <!-- testClasses.AddUserTestClass -->
