<?xml version="1.0" encoding="UTF-8"?>
<!-- Generated by org.testng.reporters.JUnitReportReporter -->
<testsuite hostname="Ansalnas-MacBook-Air.local" failures="0" tests="1" name="testClasses.UsersPageTestClass" time="22.258" errors="0" timestamp="2025-07-27T23:18:41 EDT" skipped="0">
  <testcase classname="testClasses.UsersPageTestClass" name="verifyWhetherUserIsAbletoSearchforaUser" time="22.258"/>
</testsuite> <!-- testClasses.UsersPageTestClass -->
