<?xml version="1.0" encoding="UTF-8"?>
<!-- Generated by org.testng.reporters.JUnitReportReporter -->
<testsuite hostname="Ansalnas-MacBook-Air.local" failures="0" tests="1" name="testClasses.SupplierTestClass" time="13.868" errors="0" timestamp="2025-07-30T08:05:21 EDT" skipped="0">
  <testcase classname="testClasses.SupplierTestClass" name="verifyUserIsAbletoSerachForaSupplier" time="13.868"/>
</testsuite> <!-- testClasses.SupplierTestClass -->
