<?xml version="1.0" encoding="UTF-8"?>
<!-- Generated by org.testng.reporters.JUnitReportReporter -->
<testsuite hostname="Ansalnas-MacBook-Air.local" failures="0" tests="1" name="testClasses.HomepageTestClass" time="17.411" errors="0" timestamp="2025-07-24T11:42:01 EDT" skipped="0">
  <testcase classname="testClasses.HomepageTestClass" name="verifyTooltipOfCalculatorIcon" time="17.411"/>
</testsuite> <!-- testClasses.HomepageTestClass -->
