<?xml version="1.0" encoding="UTF-8"?>
<!-- Generated by org.testng.reporters.JUnitReportReporter -->
<testsuite hostname="Ansalnas-MacBook-Air.local" failures="0" tests="1" name="testClasses.LoginpageTestClass" time="6.623" errors="0" timestamp="2025-07-29T11:00:43 EDT" skipped="0">
  <testcase classname="testClasses.LoginpageTestClass" name="verifyUnsuccessfullLogin" time="6.623"/>
</testsuite> <!-- testClasses.LoginpageTestClass -->
