<?xml version="1.0" encoding="UTF-8"?>
<!-- Generated by org.testng.reporters.JUnitReportReporter -->
<testsuite hostname="Ansalnas-MacBook-Air.local" failures="0" tests="1" name="testClasses.UserManagementTestClass" time="15.527" errors="0" timestamp="2025-07-28T08:29:16 EDT" skipped="0">
  <testcase classname="testClasses.UserManagementTestClass" name="verifyUsercanNavigateToManageUserPageByClickingOnUsers" time="15.527"/>
</testsuite> <!-- testClasses.UserManagementTestClass -->
